{"logTime": "0308/212257", "correlationVector":"E7A2D5A7C2224F8997CAF2A8FB06B63C","action":"FETCH_UX_CONFIG", "result":""}
{"logTime": "0308/212325", "correlationVector":"NLYk2hy8zJrjcpUeE5TXHb","action":"EXTENSION_UPDATE_SERVICE", "result":""}
{"logTime": "0308/212548", "correlationVector":"Zk4GKH0fblVj9kz2qxaWGl","action":"MSPAY_ENLIST_GET_REQUEST", "result":""}
{"logTime": "0308/212548", "correlationVector":"uuJLaier01gHJpnOLXo4EJ","action":"JARVIS_ADDRESS_ENLIST_GET_REQUEST", "result":""}
{"logTime": "0308/212548", "correlationVector":"DjFe59EFkFl9mTg9UgObuV.0","action":"LIST_TOKEN_METADATA_GET_REQUEST", "result":""}
{"logTime": "0308/215043", "correlationVector":"mjSScwhqaWYRbhCb70HevY","action":"MSPAY_ENLIST_GET_REQUEST", "result":""}
{"logTime": "0308/215316", "correlationVector":"BFXen9ojBPrOdfF63TWzDF","action":"MSPAY_ENLIST_GET_REQUEST", "result":""}
{"logTime": "0308/215536", "correlationVector":"dkaketjPZ1QYG5iHRR6OOY","action":"MSPAY_ENLIST_GET_REQUEST", "result":""}
{"logTime": "0308/222256", "correlationVector":"186EDDE5978D489094189987E160BF28","action":"FETCH_UX_CONFIG", "result":""}
{"logTime": "0308/232256", "correlationVector":"FD9BD1C68CB34AFBA3E00B6E532383E1","action":"FETCH_UX_CONFIG", "result":""}
{"logTime": "0309/002257", "correlationVector":"9A3D376FFF844CB2A0E6984F24C725B3","action":"FETCH_UX_CONFIG", "result":""}
{"logTime": "0309/012310", "correlationVector":"3AF51E368AD840008CDECED726D2CBA1","action":"FETCH_UX_CONFIG", "result":""}
{"logTime": "0309/013543", "correlationVector":"oAr4/fRAb4K3HjyhaQ6tos","action":"EXTENSION_UPDATE_SERVICE", "result":""}
{"logTime": "0309/022301", "correlationVector":"8FD037F767E540BA995CAEF31E0D1BC8","action":"FETCH_UX_CONFIG", "result":""}
{"logTime": "0309/032256", "correlationVector":"7D501C3757AC4A3BB198F781CC1F80A4","action":"FETCH_UX_CONFIG", "result":""}
{"logTime": "0309/042256", "correlationVector":"774FB5853B0D4815A9E3EDBDF0059ED0","action":"FETCH_UX_CONFIG", "result":""}
{"logTime": "0309/052256", "correlationVector":"B5BAE187F18849AE83588AFAE41FE3A7","action":"FETCH_UX_CONFIG", "result":""}
{"logTime": "0309/055646", "correlationVector":"zBayl/shRkJRlIzeg0YAFx","action":"EXTENSION_UPDATE_SERVICE", "result":""}
{"logTime": "0309/062256", "correlationVector":"E01DE85244B841599A65FD6D5FE0D8D0","action":"FETCH_UX_CONFIG", "result":""}
{"logTime": "0309/072256", "correlationVector":"585A387CE99D4B17B2423AC38594B6B2","action":"FETCH_UX_CONFIG", "result":""}
{"logTime": "0309/082256", "correlationVector":"810D7D8CB68446E78A60927C42FC81FE","action":"FETCH_UX_CONFIG", "result":""}
{"logTime": "0309/092256", "correlationVector":"6954E1C83ED240EE8FDE31729E27B848","action":"FETCH_UX_CONFIG", "result":""}
{"logTime": "0309/102256", "correlationVector":"F3A67623D55C4B84A7277D781ED88413","action":"FETCH_UX_CONFIG", "result":""}
{"logTime": "0309/112256", "correlationVector":"5B17C6719F8F4698889968D04DBC2666","action":"FETCH_UX_CONFIG", "result":""}
{"logTime": "0309/114418", "correlationVector":"7bBxPTrhmHYK+UW08ZkhOO","action":"EXTENSION_UPDATE_SERVICE", "result":""}
{"logTime": "0309/122256", "correlationVector":"BC9A670076D94404B76C5D1CDFFBDDCB","action":"FETCH_UX_CONFIG", "result":""}
{"logTime": "0309/132256", "correlationVector":"EABB796BE46D4163ADA0448EBEEAABFE","action":"FETCH_UX_CONFIG", "result":""}
{"logTime": "0309/142257", "correlationVector":"E5E8F9E502DA40FD9AC8CFDFC08723E5","action":"FETCH_UX_CONFIG", "result":""}
{"logTime": "0309/152257", "correlationVector":"0565464EBF104E12A5126F5258ABBEE2","action":"FETCH_UX_CONFIG", "result":""}
{"logTime": "0309/162257", "correlationVector":"EBB3A8377A6C41C2BB50A7AFCB06B0FB","action":"FETCH_UX_CONFIG", "result":""}
{"logTime": "0309/165132", "correlationVector":"ogtW242hkZQknqH5og57VR","action":"EXTENSION_UPDATE_SERVICE", "result":""}
{"logTime": "0309/172257", "correlationVector":"F0C5A182E39B4EEA961288D2AA3CF427","action":"FETCH_UX_CONFIG", "result":""}
{"logTime": "0309/182257", "correlationVector":"DCB91554BB914930A79912981108C905","action":"FETCH_UX_CONFIG", "result":""}
{"logTime": "0309/192257", "correlationVector":"2DAC68504AD6482980A834D426E9B411","action":"FETCH_UX_CONFIG", "result":""}
{"logTime": "0309/202257", "correlationVector":"510815124F1A4EF9B958C1046A9104BB","action":"FETCH_UX_CONFIG", "result":""}
{"logTime": "0309/212257", "correlationVector":"89E4DCAB31004190ABB304F7077F4E21","action":"FETCH_UX_CONFIG", "result":""}
{"logTime": "0309/213558", "correlationVector":"POk346eopFZFou3VLP9Rf4","action":"EXTENSION_UPDATE_SERVICE", "result":""}
{"logTime": "0309/222257", "correlationVector":"87013BFD060F448BAE2256C820FC437E","action":"FETCH_UX_CONFIG", "result":""}
{"logTime": "0309/232257", "correlationVector":"E75871D9B56948528E89B4F9E9F3138B","action":"FETCH_UX_CONFIG", "result":""}
{"logTime": "0310/002257", "correlationVector":"D0961D0DB4EB46C6A6A16BCC91C300A4","action":"FETCH_UX_CONFIG", "result":""}
{"logTime": "0310/012257", "correlationVector":"7C1F4A96442840438AFA96843C31A31F","action":"FETCH_UX_CONFIG", "result":""}
{"logTime": "0310/022257", "correlationVector":"5ABE2E5B3B1B42C1B643B41DAF412142","action":"FETCH_UX_CONFIG", "result":""}
{"logTime": "0310/025707", "correlationVector":"RkrugKa7IHAR3+nCUL79Kx","action":"EXTENSION_UPDATE_SERVICE", "result":""}
{"logTime": "0310/032257", "correlationVector":"0D1ECCB24D78479184F004BCF13C3A7B","action":"FETCH_UX_CONFIG", "result":""}
{"logTime": "0310/042257", "correlationVector":"59548326C1C7416B8FE37235E4875B7D","action":"FETCH_UX_CONFIG", "result":""}
{"logTime": "0310/052257", "correlationVector":"4D6A0D8A3F1048B4ACBBCDAC42D15EBA","action":"FETCH_UX_CONFIG", "result":""}
{"logTime": "0310/062257", "correlationVector":"BE0DB798B0A64579A5D0B83F42B38D79","action":"FETCH_UX_CONFIG", "result":""}
{"logTime": "0310/072257", "correlationVector":"D3BBC72711964EB4BECF767CA4C087DE","action":"FETCH_UX_CONFIG", "result":""}
{"logTime": "0310/074752", "correlationVector":"X5jo7KEBtiectQTFvGgLgL","action":"EXTENSION_UPDATE_SERVICE", "result":""}
{"logTime": "0310/082257", "correlationVector":"888E69DF9E7F4B5DA0EA5939B1B606D8","action":"FETCH_UX_CONFIG", "result":""}
{"logTime": "0310/092257", "correlationVector":"31FE2E237C1340BBB9BAE01549D2F40F","action":"FETCH_UX_CONFIG", "result":""}
{"logTime": "0310/102257", "correlationVector":"BB0A2C8D0E6D4790824D8A221D9C9481","action":"FETCH_UX_CONFIG", "result":""}
{"logTime": "0310/112257", "correlationVector":"9124177C95884369AEFE318ED18ADB79","action":"FETCH_UX_CONFIG", "result":""}
{"logTime": "0310/122257", "correlationVector":"B163BD0178DE454F8A048522A8CB235C","action":"FETCH_UX_CONFIG", "result":""}
{"logTime": "0310/132257", "correlationVector":"0BC965C3EA324184AE44CBE0A7D23AF6","action":"FETCH_UX_CONFIG", "result":""}
{"logTime": "0310/132513", "correlationVector":"S2G9k9WeO7gFd4P3sp/Hu2","action":"EXTENSION_UPDATE_SERVICE", "result":""}
{"logTime": "0310/142257", "correlationVector":"CC1AB78953E346538C2A8743A2615342","action":"FETCH_UX_CONFIG", "result":""}
{"logTime": "0310/152257", "correlationVector":"D7F493BC8D91496D8114852BAB5FF8B6","action":"FETCH_UX_CONFIG", "result":""}
{"logTime": "0310/162257", "correlationVector":"FF1DC9EED18546E18DA032768A0B7186","action":"FETCH_UX_CONFIG", "result":""}
{"logTime": "0310/172257", "correlationVector":"4A0D085D0582479DBBB8E86B16072B77","action":"FETCH_UX_CONFIG", "result":""}
{"logTime": "0310/182257", "correlationVector":"E191B843358640CE881BDF7AD273C318","action":"FETCH_UX_CONFIG", "result":""}
{"logTime": "0310/192257", "correlationVector":"D4E8CA881F1E4521A883119E632D9832","action":"FETCH_UX_CONFIG", "result":""}
{"logTime": "0310/192344", "correlationVector":"IWfhQrLUwbDab5brY3sy/C","action":"EXTENSION_UPDATE_SERVICE", "result":""}
{"logTime": "0310/202257", "correlationVector":"0D1B5EE2D0B54C008947ED4B0BC70525","action":"FETCH_UX_CONFIG", "result":""}
{"logTime": "0310/212257", "correlationVector":"2728D464CE9249AB93CE9B25E638DD23","action":"FETCH_UX_CONFIG", "result":""}
{"logTime": "0310/222257", "correlationVector":"DDB07BA334C24E74A7A7733AE567F0CC","action":"FETCH_UX_CONFIG", "result":""}
{"logTime": "0310/232257", "correlationVector":"E81489D92CCD47B59A4C7DA182629328","action":"FETCH_UX_CONFIG", "result":""}
{"logTime": "0310/235239", "correlationVector":"GDS239dK6+wMlaIXYEuVrD","action":"EXTENSION_UPDATE_SERVICE", "result":""}
{"logTime": "0311/002257", "correlationVector":"E6972FD4903F408693809E7D1B6477B6","action":"FETCH_UX_CONFIG", "result":""}
{"logTime": "0311/012257", "correlationVector":"60E895C2CBE346E99F1E97F3DDD60E93","action":"FETCH_UX_CONFIG", "result":""}
{"logTime": "0311/022257", "correlationVector":"9B9CBF20A440407CA6077B49BF4C2115","action":"FETCH_UX_CONFIG", "result":""}
{"logTime": "0311/032257", "correlationVector":"9B226D0CE0AA4D8F98B99F1AE2B0E370","action":"FETCH_UX_CONFIG", "result":""}
{"logTime": "0311/040223", "correlationVector":"6OTgAQUMrzwVTybFgTQG/b","action":"EXTENSION_UPDATE_SERVICE", "result":""}
{"logTime": "0311/042258", "correlationVector":"B971682117EB4EEDBB0E089A146D7BA6","action":"FETCH_UX_CONFIG", "result":""}
{"logTime": "0311/042529", "correlationVector":"D9332AA9699C4F479EB5833665011642","action":"FETCH_UX_CONFIG", "result":""}
{"logTime": "0311/042559", "correlationVector":"X6xsGdMZMKeij/PtOJQoUd","action":"EXTENSION_UPDATE_SERVICE", "result":""}
{"logTime": "0311/052529", "correlationVector":"841B8447E9C343D2AFB09DC2861B2FEF","action":"FETCH_UX_CONFIG", "result":""}
{"logTime": "0311/062529", "correlationVector":"B40B835706F7471AA9F2AF41E51BDBD1","action":"FETCH_UX_CONFIG", "result":""}
{"logTime": "0311/072529", "correlationVector":"4E82BFDE4B5C49CBB3B5C83AB5A0955D","action":"FETCH_UX_CONFIG", "result":""}
{"logTime": "0311/082529", "correlationVector":"BB4AB49DC970476E8D1C357CE19CD586","action":"FETCH_UX_CONFIG", "result":""}
{"logTime": "0311/092529", "correlationVector":"CF7AD9FDF361457B9A96B5253623DD58","action":"FETCH_UX_CONFIG", "result":""}
{"logTime": "0311/102132", "correlationVector":"0FJFpMlSLOwhhlLBJUj5jZ","action":"EXTENSION_UPDATE_SERVICE", "result":""}
{"logTime": "0311/102529", "correlationVector":"5D7622A8B94E4238868A91E311604B99","action":"FETCH_UX_CONFIG", "result":""}
{"logTime": "0311/112529", "correlationVector":"348696FBD62243DABB2E1541466E255F","action":"FETCH_UX_CONFIG", "result":""}
{"logTime": "0311/122529", "correlationVector":"186156158C00458A914FF463A4C531CA","action":"FETCH_UX_CONFIG", "result":""}
{"logTime": "0311/132529", "correlationVector":"090578E2BCBC44EAA50C3CC58FC3616E","action":"FETCH_UX_CONFIG", "result":""}
{"logTime": "0311/142530", "correlationVector":"FEB748D113834DB8A8EBD99250992F92","action":"FETCH_UX_CONFIG", "result":""}
{"logTime": "0311/142600", "correlationVector":"I9cEgTo8xDPvnuWbifxDgL","action":"EXTENSION_UPDATE_SERVICE", "result":""}
{"logTime": "0311/152530", "correlationVector":"E0909686E380419BA4CB5B4997ACF479","action":"FETCH_UX_CONFIG", "result":""}
{"logTime": "0311/162530", "correlationVector":"513EFE48166C4EDEAF067BA2B53C5901","action":"FETCH_UX_CONFIG", "result":""}
{"logTime": "0311/172530", "correlationVector":"662A4250E4654D10BA30487E02D354F7","action":"FETCH_UX_CONFIG", "result":""}
{"logTime": "0311/182530", "correlationVector":"1446FC2AE4E145568079B4B1D93EFBBE","action":"FETCH_UX_CONFIG", "result":""}
{"logTime": "0311/185625", "correlationVector":"+wi6sj5SHaaCmDheBR2yEH","action":"EXTENSION_UPDATE_SERVICE", "result":""}
{"logTime": "0311/192530", "correlationVector":"BEA1295546824FD086647AC644A67E74","action":"FETCH_UX_CONFIG", "result":""}
{"logTime": "0311/202530", "correlationVector":"CB3CE1D1A8A2416C97FAF75460E8C296","action":"FETCH_UX_CONFIG", "result":""}
{"logTime": "0311/212530", "correlationVector":"C55691A8FCDC498192F2E47487835DDB","action":"FETCH_UX_CONFIG", "result":""}
{"logTime": "0311/222530", "correlationVector":"15ADA7EE832D45069D4B11F6A783854E","action":"FETCH_UX_CONFIG", "result":""}
{"logTime": "0311/232530", "correlationVector":"72C06D6F3ABA415CA957EAB6D7B64832","action":"FETCH_UX_CONFIG", "result":""}
{"logTime": "0311/233227", "correlationVector":"0KtQwNI/iM3rUbc1n0zxxJ","action":"EXTENSION_UPDATE_SERVICE", "result":""}
{"logTime": "0312/002530", "correlationVector":"C0BD6FC97F4A4E84A56ACE6E40904C7C","action":"FETCH_UX_CONFIG", "result":""}
{"logTime": "0312/012530", "correlationVector":"498D6DA6C39540098631491A788148C5","action":"FETCH_UX_CONFIG", "result":""}
{"logTime": "0312/022530", "correlationVector":"8F93D167DBFF4396A6E41E23CCAB1CCC","action":"FETCH_UX_CONFIG", "result":""}
{"logTime": "0312/032530", "correlationVector":"2C0D69B03AA843CEAE7713D977C33F93","action":"FETCH_UX_CONFIG", "result":""}
{"logTime": "0312/041537", "correlationVector":"DznuDzlyUQA5G4zAk5RpkO","action":"EXTENSION_UPDATE_SERVICE", "result":""}
{"logTime": "0312/042531", "correlationVector":"52F2A666B7244664A3D9B87A7925B023","action":"FETCH_UX_CONFIG", "result":""}
{"logTime": "0312/052531", "correlationVector":"A56F232BBA1A480B82EAE67D38828703","action":"FETCH_UX_CONFIG", "result":""}
{"logTime": "0312/062531", "correlationVector":"A321A21A53A2419AB5009BC11735739F","action":"FETCH_UX_CONFIG", "result":""}
{"logTime": "0312/072531", "correlationVector":"33142AA2B9B7457E99BB0A026901A147","action":"FETCH_UX_CONFIG", "result":""}
{"logTime": "0312/082505", "correlationVector":"rwsnlM8RfXVIrR6u6u0Co2","action":"EXTENSION_UPDATE_SERVICE", "result":""}
{"logTime": "0312/082530", "correlationVector":"ECBE950651A14E36AF48D593038AB7C5","action":"FETCH_UX_CONFIG", "result":""}
{"logTime": "0312/092531", "correlationVector":"C5FDEC15D943422B8CAF8B908EBCC219","action":"FETCH_UX_CONFIG", "result":""}
{"logTime": "0312/102531", "correlationVector":"BAEE150DEA714489AC88672373D7530C","action":"FETCH_UX_CONFIG", "result":""}
{"logTime": "0312/112531", "correlationVector":"95E19D9ED992415CA4E7CC8723B33E6F","action":"FETCH_UX_CONFIG", "result":""}
{"logTime": "0312/122531", "correlationVector":"E1B3BE7FA6FB4CD3BD9ED1EE35D4C448","action":"FETCH_UX_CONFIG", "result":""}
{"logTime": "0312/131556", "correlationVector":"kbeH7Vn+vRzWp58xOdEd7C","action":"EXTENSION_UPDATE_SERVICE", "result":""}
{"logTime": "0312/132531", "correlationVector":"3F9D9C0B71E04707ACC5FCB506614EB3","action":"FETCH_UX_CONFIG", "result":""}
{"logTime": "0312/142531", "correlationVector":"4D1AE482232948F0AA00EF2F07D58493","action":"FETCH_UX_CONFIG", "result":""}
{"logTime": "0312/152531", "correlationVector":"FFCCF355606A47F19C71D9A51D7138FC","action":"FETCH_UX_CONFIG", "result":""}
{"logTime": "0312/162531", "correlationVector":"EC7ABE04F33B435CA63BBC12FF6C9755","action":"FETCH_UX_CONFIG", "result":""}
{"logTime": "0312/172531", "correlationVector":"5D3188DAAA07459591BC120F2BC392FE","action":"FETCH_UX_CONFIG", "result":""}
{"logTime": "0312/175958", "correlationVector":"E/2JH809VHPLRrCkmsJI+M","action":"EXTENSION_UPDATE_SERVICE", "result":""}
{"logTime": "0312/182531", "correlationVector":"4464B90225B64EF680764FD85ECB3E4F","action":"FETCH_UX_CONFIG", "result":""}
{"logTime": "0312/192531", "correlationVector":"EB65DB6544574C86951D770B3C7F9A48","action":"FETCH_UX_CONFIG", "result":""}
{"logTime": "0312/202531", "correlationVector":"F13FBFB103C941FB846ED7DBC0666050","action":"FETCH_UX_CONFIG", "result":""}
{"logTime": "0312/212531", "correlationVector":"BA9B35713919487C8D078ED332E0A335","action":"FETCH_UX_CONFIG", "result":""}
{"logTime": "0312/222531", "correlationVector":"582D85458A5A4A439564EC411E88ED63","action":"FETCH_UX_CONFIG", "result":""}
{"logTime": "0312/232531", "correlationVector":"16174963C8544FA493C4894F35CB1C94","action":"FETCH_UX_CONFIG", "result":""}
{"logTime": "0312/233712", "correlationVector":"ykHRpHhVAmPzdcJdnpuzoG","action":"EXTENSION_UPDATE_SERVICE", "result":""}
{"logTime": "0313/002531", "correlationVector":"BD75322466D94AC7B9A5F1529D5A507A","action":"FETCH_UX_CONFIG", "result":""}
{"logTime": "0313/012531", "correlationVector":"19070C6AFD6C430E9095F71AB61BB191","action":"FETCH_UX_CONFIG", "result":""}
{"logTime": "0313/022531", "correlationVector":"9CDBB41A028E4F918C774168ADB616D9","action":"FETCH_UX_CONFIG", "result":""}
{"logTime": "0313/032531", "correlationVector":"3F4E33966C4142BC8F956277960F2C29","action":"FETCH_UX_CONFIG", "result":""}
{"logTime": "0313/042531", "correlationVector":"B7F6430E6E9D4FAAA504E3F9D8FCB6BD","action":"FETCH_UX_CONFIG", "result":""}
{"logTime": "0313/051127", "correlationVector":"QRmw/7S1PyxxjOrAsllL+o","action":"EXTENSION_UPDATE_SERVICE", "result":""}
{"logTime": "0313/052531", "correlationVector":"93F911216FF94B9297ADBB768F78D7A7","action":"FETCH_UX_CONFIG", "result":""}
{"logTime": "0313/062531", "correlationVector":"9390653A388640569BE5C6647C5B2D19","action":"FETCH_UX_CONFIG", "result":""}
{"logTime": "0313/072531", "correlationVector":"33668902A61B49AB82DD6E13D1D6269F","action":"FETCH_UX_CONFIG", "result":""}
{"logTime": "0313/082531", "correlationVector":"B8B4BC0C67C14BB1BA5743255ADA6E89","action":"FETCH_UX_CONFIG", "result":""}
{"logTime": "0313/092531", "correlationVector":"69B7DDFF6576412D9D1967BCFE37010C","action":"FETCH_UX_CONFIG", "result":""}
{"logTime": "0313/102355", "correlationVector":"OKJgBMG4HJTu+E7P87eq2z","action":"EXTENSION_UPDATE_SERVICE", "result":""}
{"logTime": "0313/102531", "correlationVector":"0156C5C3F04745AF9E325FDC9DE58161","action":"FETCH_UX_CONFIG", "result":""}
{"logTime": "0313/112531", "correlationVector":"8B65056DEF0D431EB1FA8A1C9A8BD994","action":"FETCH_UX_CONFIG", "result":""}
{"logTime": "0313/120513", "correlationVector":"0x70+0kyX4vBKA4jHZ5a+I","action":"MSPAY_ENLIST_GET_REQUEST", "result":""}
{"logTime": "0313/120513", "correlationVector":"5YFB25XupsVjLyaoR/D/W1","action":"JARVIS_ADDRESS_ENLIST_GET_REQUEST", "result":""}
{"logTime": "0313/120513", "correlationVector":"baUwzooymMea2pByLDdilo.0","action":"LIST_TOKEN_METADATA_GET_REQUEST", "result":""}
{"logTime": "0313/120629", "correlationVector":"2JjcqyfqYNoF0W2BqM5lmP","action":"MSPAY_ENLIST_GET_REQUEST", "result":""}
{"logTime": "0313/121134", "correlationVector":"YAtXeg/Xxqvgy/nv+AdniQ","action":"MSPAY_ENLIST_GET_REQUEST", "result":""}
{"logTime": "0313/121324", "correlationVector":"6A46910758B148CFB466012BE68AA12A","action":"FETCH_UX_CONFIG", "result":""}
{"logTime": "0313/121354", "correlationVector":"ZMK9Nhpe1PNsu2Z3wEPZBv","action":"EXTENSION_UPDATE_SERVICE", "result":""}
{"logTime": "0313/131324", "correlationVector":"2F96B2EC17A1400ABA8DE6175C81A54B","action":"FETCH_UX_CONFIG", "result":""}
{"logTime": "0313/141324", "correlationVector":"40EB6D23947549009D7E0B51BCDEAF10","action":"FETCH_UX_CONFIG", "result":""}
{"logTime": "0313/151324", "correlationVector":"FEE7E038656340F8A0A7B57882D16898","action":"FETCH_UX_CONFIG", "result":""}
{"logTime": "0313/161324", "correlationVector":"D0439AC4F238457C9BEA90A0869778F7","action":"FETCH_UX_CONFIG", "result":""}
{"logTime": "0313/171324", "correlationVector":"C555796C28374842AD28611520FF3603","action":"FETCH_UX_CONFIG", "result":""}
{"logTime": "0313/172944", "correlationVector":"+Fxsn9M5lJFmUApYy0/lxe","action":"EXTENSION_UPDATE_SERVICE", "result":""}
{"logTime": "0313/181324", "correlationVector":"A0BF84CDB2084EBAB02317AA66524FD6","action":"FETCH_UX_CONFIG", "result":""}
{"logTime": "0313/191324", "correlationVector":"8EAD7D989F6D47168A7305D895D56EF1","action":"FETCH_UX_CONFIG", "result":""}
{"logTime": "0313/201324", "correlationVector":"7D7633E1487443EBAEB56AAB1A1CBA91","action":"FETCH_UX_CONFIG", "result":""}
