Mar 13 14:20:29.820 INFO Removing files from base directory of "C:\\Users\\meeko\\AppData\\Local\\Programs\\Microsoft VS Code\\Code.exe", preserving commit folder: ce099c1ed2
Mar 13 14:20:29.822 INFO remove_files: "C:\\Users\\meeko\\AppData\\Local\\Programs\\Microsoft VS Code\\Code.exe", commit: ce099c1ed2
Mar 13 14:20:29.822 INFO Reading top-level directory: "C:\\Users\\meeko\\AppData\\Local\\Programs\\Microsoft VS Code"
Mar 13 14:20:29.822 INFO Processing bin directory: "C:\\Users\\meeko\\AppData\\Local\\Programs\\Microsoft VS Code\\bin"
Mar 13 14:20:29.822 INFO Skipping non-old file in bin: "C:\\Users\\meeko\\AppData\\Local\\Programs\\Microsoft VS Code\\bin\\code"
Mar 13 14:20:29.822 INFO Skipping non-old file in bin: "C:\\Users\\meeko\\AppData\\Local\\Programs\\Microsoft VS Code\\bin\\code-tunnel.exe"
Mar 13 14:20:29.823 INFO Skipping non-old file in bin: "C:\\Users\\meeko\\AppData\\Local\\Programs\\Microsoft VS Code\\bin\\code.cmd"
Mar 13 14:20:29.823 INFO Will delete old file in bin: "C:\\Users\\meeko\\AppData\\Local\\Programs\\Microsoft VS Code\\bin\\old_code"
Mar 13 14:20:29.823 INFO Get file handle: "C:\\Users\\meeko\\AppData\\Local\\Programs\\Microsoft VS Code\\bin\\old_code" (attempt 1)
Mar 13 14:20:29.823 INFO Will delete old file in bin: "C:\\Users\\meeko\\AppData\\Local\\Programs\\Microsoft VS Code\\bin\\old_code-tunnel.exe"
Mar 13 14:20:29.823 INFO Get file handle: "C:\\Users\\meeko\\AppData\\Local\\Programs\\Microsoft VS Code\\bin\\old_code-tunnel.exe" (attempt 1)
Mar 13 14:20:29.823 INFO Will delete old file in bin: "C:\\Users\\meeko\\AppData\\Local\\Programs\\Microsoft VS Code\\bin\\old_code.cmd"
Mar 13 14:20:29.823 INFO Get file handle: "C:\\Users\\meeko\\AppData\\Local\\Programs\\Microsoft VS Code\\bin\\old_code.cmd" (attempt 1)
Mar 13 14:20:29.823 INFO Skipping commit folder: "C:\\Users\\meeko\\AppData\\Local\\Programs\\Microsoft VS Code\\ce099c1ed2"
Mar 13 14:20:29.823 INFO Skipping code_path executable: "C:\\Users\\meeko\\AppData\\Local\\Programs\\Microsoft VS Code\\Code.exe"
Mar 13 14:20:29.823 INFO Skipping VisualElementsManifest.xml: "C:\\Users\\meeko\\AppData\\Local\\Programs\\Microsoft VS Code\\Code.VisualElementsManifest.xml"
Mar 13 14:20:29.823 INFO Get file handle: "C:\\Users\\meeko\\AppData\\Local\\Programs\\Microsoft VS Code\\old_Code.exe" (attempt 1)
Mar 13 14:20:29.823 INFO Get file handle: "C:\\Users\\meeko\\AppData\\Local\\Programs\\Microsoft VS Code\\old_Code.VisualElementsManifest.xml" (attempt 1)
Mar 13 14:20:29.823 INFO Skipping unins file: "C:\\Users\\meeko\\AppData\\Local\\Programs\\Microsoft VS Code\\unins000.dat"
Mar 13 14:20:29.823 INFO Skipping unins file: "C:\\Users\\meeko\\AppData\\Local\\Programs\\Microsoft VS Code\\unins000.exe"
Mar 13 14:20:29.823 INFO Skipping unins file: "C:\\Users\\meeko\\AppData\\Local\\Programs\\Microsoft VS Code\\unins000.msg"
Mar 13 14:20:29.823 INFO Collected all directories and file handles for removal
Mar 13 14:20:29.823 INFO All file handles marked for deletion
Mar 13 14:20:29.823 INFO All files deleted
Mar 13 14:20:29.823 INFO Delete directory recursively: "C:\\Users\\meeko\\AppData\\Local\\Programs\\Microsoft VS Code\\61b3d0ab13" (attempt 1)
Mar 13 14:20:31.437 INFO File removal operation completed
Mar 13 14:20:31.437 INFO Successfully completed file removal operation
